<?xml version="1.0" encoding="UTF-8"?>
<testng-results ignored="0" total="1" passed="1" failed="0" skipped="0">
  <reporter-output>
  </reporter-output>
  <suite started-at="2023-03-28T11:53:56 EDT" name="Suite" finished-at="2023-03-28T11:53:56 EDT" duration-ms="87">
    <groups>
    </groups>
    <test started-at="2023-03-28T11:53:56 EDT" name="Test" finished-at="2023-03-28T11:53:56 EDT" duration-ms="87">
      <class name="test.Hefd">
        <test-method signature="jndjk()[pri:0, instance:test.Hefd@670002]" started-at="2023-03-28T11:53:56 EDT" name="jndjk" finished-at="2023-03-28T11:53:56 EDT" duration-ms="14" status="PASS">
          <reporter-output>
          </reporter-output>
        </test-method> <!-- jndjk -->
      </class> <!-- test.Hefd -->
    </test> <!-- Test -->
  </suite> <!-- Suite -->
</testng-results>
